Arguments: 
  /usr/local/Cellar/node/14.3.0_1/bin/node /usr/local/Cellar/yarn/1.22.4/libexec/bin/yarn.js add @babel/plugin-syntax-dynamic-import

PATH: 
  /usr/local/bin:/usr/bin:/bin:/usr/sbin:/sbin

Yarn version: 
  1.22.4

Node version: 
  14.3.0

Platform: 
  darwin x64

Trace: 
  Error: https://registry.yarnpkg.com/@babel%2fcore: ETIMEDOUT
      at Timeout._onTimeout (/usr/local/Cellar/yarn/1.22.4/libexec/lib/cli.js:141408:19)
      at listOnTimeout (internal/timers.js:549:17)
      at processTimers (internal/timers.js:492:7)

npm manifest: 
  {
    "name": "vue-todo",
    "version": "1.0.0",
    "description": "",
    "main": "index.js",
    "scripts": {
      "test": "echo \"Error: no test specified\" && exit 1",
      "build": "cross-env NODE_ENV=production webpack --config webpack.config.js",
      "dev": "cross-env NODE_ENV=development webpack-dev-server --config webpack.config.js"
    },
    "repository": {
      "type": "git",
      "url": "git+https://github.com/clr1235/vue-todo.git"
    },
    "author": "",
    "license": "ISC",
    "bugs": {
      "url": "https://github.com/clr1235/vue-todo/issues"
    },
    "homepage": "https://github.com/clr1235/vue-todo#readme",
    "dependencies": {
      "@babel/core": "^7.10.5",
      "autoprefixer": "^9.8.5",
      "babel-core": "^6.26.3",
      "babel-loader": "^8.1.0",
      "babel-preset-env": "^1.7.0",
      "cross-env": "^7.0.2",
      "css-loader": "^3.5.3",
      "html-webpack-plugin": "^4.3.0",
      "node-sass": "^4.14.1",
      "postcss-loader": "^3.0.0",
      "sass-loader": "^9.0.2",
      "style-loader": "^1.2.1",
      "stylus": "^0.54.8",
      "stylus-loader": "^3.0.2",
      "url-loader": "^4.1.0",
      "vue": "^2.6.11",
      "vue-loader": "^15.9.3",
      "vue-template-compiler": "^2.6.11",
      "webpack": "^4.43.0",
      "webpack-dev-server": "^3.11.0"
    },
    "devDependencies": {
      "webpack-cli": "^3.3.12"
    }
  }

yarn manifest: 
  No manifest

Lockfile: 
  No lockfile
